{"/Users/stephengeller/Desktop/Projects/tech-tests/compare-the-market/src/primeChecker.js": {"path":"/Users/stephengeller/Desktop/Projects/tech-tests/compare-the-market/src/primeChecker.js","statementMap":{"0":{"start":{"line":3,"column":4},"end":{"line":3,"column":28}},"1":{"start":{"line":3,"column":15},"end":{"line":3,"column":28}},"2":{"start":{"line":4,"column":18},"end":{"line":4,"column":30}},"3":{"start":{"line":5,"column":4},"end":{"line":7,"column":5}},"4":{"start":{"line":6,"column":6},"end":{"line":6,"column":36}},"5":{"start":{"line":6,"column":23},"end":{"line":6,"column":36}},"6":{"start":{"line":8,"column":4},"end":{"line":8,"column":16}},"7":{"start":{"line":12,"column":0},"end":{"line":12,"column":30}}},"fnMap":{"0":{"name":"(anonymous_0)","decl":{"start":{"line":2,"column":2},"end":{"line":2,"column":3}},"loc":{"start":{"line":2,"column":18},"end":{"line":9,"column":3}},"line":2}},"branchMap":{"0":{"loc":{"start":{"line":3,"column":4},"end":{"line":3,"column":28}},"type":"if","locations":[{"start":{"line":3,"column":4},"end":{"line":3,"column":28}},{"start":{"line":3,"column":4},"end":{"line":3,"column":28}}],"line":3},"1":{"loc":{"start":{"line":6,"column":6},"end":{"line":6,"column":36}},"type":"if","locations":[{"start":{"line":6,"column":6},"end":{"line":6,"column":36}},{"start":{"line":6,"column":6},"end":{"line":6,"column":36}}],"line":6}},"s":{"0":5,"1":3,"2":2,"3":2,"4":2,"5":1,"6":1,"7":1},"f":{"0":5},"b":{"0":[3,2],"1":[1,1]},"_coverageSchema":"332fd63041d2c1bcb487cc26dd0d5f7d97098a6c","hash":"5e2ef56e235df7aa350c8cdff6bc12d49747afbd"}
}
