{"/Users/stephengeller/Desktop/Projects/tech-tests/compare-the-market/src/arraySorter.js": {"path":"/Users/stephengeller/Desktop/Projects/tech-tests/compare-the-market/src/arraySorter.js","statementMap":{"0":{"start":{"line":3,"column":4},"end":{"line":5,"column":7}},"1":{"start":{"line":4,"column":6},"end":{"line":4,"column":29}},"2":{"start":{"line":9,"column":0},"end":{"line":9,"column":29}}},"fnMap":{"0":{"name":"(anonymous_0)","decl":{"start":{"line":2,"column":2},"end":{"line":2,"column":3}},"loc":{"start":{"line":2,"column":24},"end":{"line":6,"column":3}},"line":2},"1":{"name":"(anonymous_1)","decl":{"start":{"line":3,"column":22},"end":{"line":3,"column":23}},"loc":{"start":{"line":3,"column":32},"end":{"line":5,"column":5}},"line":3}},"branchMap":{},"s":{"0":2,"1":9,"2":3},"f":{"0":2,"1":9},"b":{},"_coverageSchema":"332fd63041d2c1bcb487cc26dd0d5f7d97098a6c","hash":"17fc4111c9af13f939f190c168a6eb05e0d7d815"}
,"/Users/stephengeller/Desktop/Projects/tech-tests/compare-the-market/src/lineFormatter.js": {"path":"/Users/stephengeller/Desktop/Projects/tech-tests/compare-the-market/src/lineFormatter.js","statementMap":{"0":{"start":{"line":3,"column":4},"end":{"line":3,"column":44}},"1":{"start":{"line":7,"column":0},"end":{"line":7,"column":31}}},"fnMap":{"0":{"name":"(anonymous_0)","decl":{"start":{"line":2,"column":2},"end":{"line":2,"column":3}},"loc":{"start":{"line":2,"column":21},"end":{"line":4,"column":3}},"line":2}},"branchMap":{},"s":{"0":6,"1":3},"f":{"0":6},"b":{},"_coverageSchema":"332fd63041d2c1bcb487cc26dd0d5f7d97098a6c","hash":"11e50b28375ca7b93de9d910a6ce58203fcbc584"}
,"/Users/stephengeller/Desktop/Projects/tech-tests/compare-the-market/src/primeChecker.js": {"path":"/Users/stephengeller/Desktop/Projects/tech-tests/compare-the-market/src/primeChecker.js","statementMap":{"0":{"start":{"line":3,"column":4},"end":{"line":3,"column":28}},"1":{"start":{"line":3,"column":15},"end":{"line":3,"column":28}},"2":{"start":{"line":4,"column":18},"end":{"line":4,"column":30}},"3":{"start":{"line":5,"column":4},"end":{"line":7,"column":5}},"4":{"start":{"line":6,"column":6},"end":{"line":6,"column":36}},"5":{"start":{"line":6,"column":23},"end":{"line":6,"column":36}},"6":{"start":{"line":8,"column":4},"end":{"line":8,"column":16}},"7":{"start":{"line":12,"column":0},"end":{"line":12,"column":30}}},"fnMap":{"0":{"name":"(anonymous_0)","decl":{"start":{"line":2,"column":2},"end":{"line":2,"column":3}},"loc":{"start":{"line":2,"column":18},"end":{"line":9,"column":3}},"line":2}},"branchMap":{"0":{"loc":{"start":{"line":3,"column":4},"end":{"line":3,"column":28}},"type":"if","locations":[{"start":{"line":3,"column":4},"end":{"line":3,"column":28}},{"start":{"line":3,"column":4},"end":{"line":3,"column":28}}],"line":3},"1":{"loc":{"start":{"line":6,"column":6},"end":{"line":6,"column":36}},"type":"if","locations":[{"start":{"line":6,"column":6},"end":{"line":6,"column":36}},{"start":{"line":6,"column":6},"end":{"line":6,"column":36}}],"line":6}},"s":{"0":5,"1":3,"2":2,"3":2,"4":2,"5":1,"6":1,"7":1},"f":{"0":5},"b":{"0":[3,2],"1":[1,1]},"_coverageSchema":"332fd63041d2c1bcb487cc26dd0d5f7d97098a6c","hash":"5e2ef56e235df7aa350c8cdff6bc12d49747afbd"}
,"/Users/stephengeller/Desktop/Projects/tech-tests/compare-the-market/src/textFormatter.js": {"path":"/Users/stephengeller/Desktop/Projects/tech-tests/compare-the-market/src/textFormatter.js","statementMap":{"0":{"start":{"line":3,"column":4},"end":{"line":3,"column":41}},"1":{"start":{"line":7,"column":4},"end":{"line":7,"column":63}},"2":{"start":{"line":11,"column":4},"end":{"line":11,"column":56}},"3":{"start":{"line":15,"column":0},"end":{"line":15,"column":31}}},"fnMap":{"0":{"name":"(anonymous_0)","decl":{"start":{"line":2,"column":2},"end":{"line":2,"column":3}},"loc":{"start":{"line":2,"column":18},"end":{"line":4,"column":3}},"line":2},"1":{"name":"(anonymous_1)","decl":{"start":{"line":6,"column":2},"end":{"line":6,"column":3}},"loc":{"start":{"line":6,"column":26},"end":{"line":8,"column":3}},"line":6},"2":{"name":"(anonymous_2)","decl":{"start":{"line":10,"column":2},"end":{"line":10,"column":3}},"loc":{"start":{"line":10,"column":19},"end":{"line":12,"column":3}},"line":10}},"branchMap":{},"s":{"0":3,"1":3,"2":2,"3":4},"f":{"0":3,"1":3,"2":2},"b":{},"_coverageSchema":"332fd63041d2c1bcb487cc26dd0d5f7d97098a6c","hash":"2cd601162430b2bef84e265389e9444b0e9bbcec"}
,"/Users/stephengeller/Desktop/Projects/tech-tests/compare-the-market/src/textLoader.js": {"path":"/Users/stephengeller/Desktop/Projects/tech-tests/compare-the-market/src/textLoader.js","statementMap":{"0":{"start":{"line":1,"column":11},"end":{"line":1,"column":24}},"1":{"start":{"line":2,"column":13},"end":{"line":2,"column":28}},"2":{"start":{"line":3,"column":13},"end":{"line":3,"column":28}},"3":{"start":{"line":12,"column":4},"end":{"line":12,"column":29}},"4":{"start":{"line":13,"column":4},"end":{"line":13,"column":33}},"5":{"start":{"line":14,"column":4},"end":{"line":14,"column":33}},"6":{"start":{"line":15,"column":4},"end":{"line":15,"column":39}},"7":{"start":{"line":19,"column":15},"end":{"line":19,"column":17}},"8":{"start":{"line":20,"column":4},"end":{"line":30,"column":6}},"9":{"start":{"line":24,"column":8},"end":{"line":27,"column":9}},"10":{"start":{"line":25,"column":10},"end":{"line":25,"column":34}},"11":{"start":{"line":26,"column":10},"end":{"line":26,"column":26}},"12":{"start":{"line":28,"column":8},"end":{"line":28,"column":44}},"13":{"start":{"line":34,"column":0},"end":{"line":34,"column":28}}},"fnMap":{"0":{"name":"(anonymous_0)","decl":{"start":{"line":6,"column":2},"end":{"line":6,"column":3}},"loc":{"start":{"line":11,"column":4},"end":{"line":16,"column":3}},"line":11},"1":{"name":"(anonymous_1)","decl":{"start":{"line":18,"column":2},"end":{"line":18,"column":3}},"loc":{"start":{"line":18,"column":20},"end":{"line":31,"column":3}},"line":18},"2":{"name":"(anonymous_2)","decl":{"start":{"line":23,"column":6},"end":{"line":23,"column":7}},"loc":{"start":{"line":23,"column":21},"end":{"line":29,"column":7}},"line":23}},"branchMap":{"0":{"loc":{"start":{"line":7,"column":4},"end":{"line":7,"column":17}},"type":"default-arg","locations":[{"start":{"line":7,"column":15},"end":{"line":7,"column":17}}],"line":7},"1":{"loc":{"start":{"line":8,"column":4},"end":{"line":8,"column":21}},"type":"default-arg","locations":[{"start":{"line":8,"column":17},"end":{"line":8,"column":21}}],"line":8},"2":{"loc":{"start":{"line":9,"column":4},"end":{"line":9,"column":21}},"type":"default-arg","locations":[{"start":{"line":9,"column":17},"end":{"line":9,"column":21}}],"line":9},"3":{"loc":{"start":{"line":10,"column":4},"end":{"line":10,"column":31}},"type":"default-arg","locations":[{"start":{"line":10,"column":20},"end":{"line":10,"column":31}}],"line":10},"4":{"loc":{"start":{"line":24,"column":8},"end":{"line":27,"column":9}},"type":"if","locations":[{"start":{"line":24,"column":8},"end":{"line":27,"column":9}},{"start":{"line":24,"column":8},"end":{"line":27,"column":9}}],"line":24}},"s":{"0":1,"1":1,"2":1,"3":3,"4":3,"5":3,"6":3,"7":2,"8":2,"9":0,"10":0,"11":0,"12":0,"13":1},"f":{"0":3,"1":2,"2":0},"b":{"0":[0],"1":[0],"2":[0],"3":[0],"4":[0,0]},"_coverageSchema":"332fd63041d2c1bcb487cc26dd0d5f7d97098a6c","hash":"aa491bfb6a46d47c8b76575cce041ee267c88899"}
,"/Users/stephengeller/Desktop/Projects/tech-tests/compare-the-market/src/userInterface.js": {"path":"/Users/stephengeller/Desktop/Projects/tech-tests/compare-the-market/src/userInterface.js","statementMap":{"0":{"start":{"line":1,"column":22},"end":{"line":1,"column":48}},"1":{"start":{"line":2,"column":31},"end":{"line":2,"column":66}},"2":{"start":{"line":3,"column":20},"end":{"line":3,"column":44}},"3":{"start":{"line":11,"column":4},"end":{"line":11,"column":39}},"4":{"start":{"line":12,"column":4},"end":{"line":12,"column":57}},"5":{"start":{"line":13,"column":4},"end":{"line":13,"column":35}},"6":{"start":{"line":17,"column":26},"end":{"line":17,"column":73}},"7":{"start":{"line":18,"column":23},"end":{"line":18,"column":59}},"8":{"start":{"line":19,"column":4},"end":{"line":19,"column":40}},"9":{"start":{"line":23,"column":4},"end":{"line":23,"column":54}},"10":{"start":{"line":27,"column":23},"end":{"line":31,"column":17}},"11":{"start":{"line":29,"column":8},"end":{"line":29,"column":53}},"12":{"start":{"line":33,"column":4},"end":{"line":33,"column":28}},"13":{"start":{"line":34,"column":4},"end":{"line":34,"column":22}},"14":{"start":{"line":38,"column":0},"end":{"line":38,"column":31}}},"fnMap":{"0":{"name":"(anonymous_0)","decl":{"start":{"line":6,"column":2},"end":{"line":6,"column":3}},"loc":{"start":{"line":10,"column":4},"end":{"line":14,"column":3}},"line":10},"1":{"name":"(anonymous_1)","decl":{"start":{"line":16,"column":2},"end":{"line":16,"column":3}},"loc":{"start":{"line":16,"column":22},"end":{"line":20,"column":3}},"line":16},"2":{"name":"(anonymous_2)","decl":{"start":{"line":22,"column":2},"end":{"line":22,"column":3}},"loc":{"start":{"line":22,"column":26},"end":{"line":24,"column":3}},"line":22},"3":{"name":"(anonymous_3)","decl":{"start":{"line":26,"column":2},"end":{"line":26,"column":3}},"loc":{"start":{"line":26,"column":28},"end":{"line":35,"column":3}},"line":26},"4":{"name":"(anonymous_4)","decl":{"start":{"line":28,"column":11},"end":{"line":28,"column":12}},"loc":{"start":{"line":28,"column":21},"end":{"line":30,"column":7}},"line":28}},"branchMap":{"0":{"loc":{"start":{"line":7,"column":4},"end":{"line":7,"column":39}},"type":"default-arg","locations":[{"start":{"line":7,"column":20},"end":{"line":7,"column":39}}],"line":7},"1":{"loc":{"start":{"line":8,"column":4},"end":{"line":8,"column":57}},"type":"default-arg","locations":[{"start":{"line":8,"column":29},"end":{"line":8,"column":57}}],"line":8},"2":{"loc":{"start":{"line":9,"column":4},"end":{"line":9,"column":35}},"type":"default-arg","locations":[{"start":{"line":9,"column":18},"end":{"line":9,"column":35}}],"line":9}},"s":{"0":2,"1":2,"2":2,"3":4,"4":4,"5":4,"6":2,"7":2,"8":2,"9":3,"10":3,"11":24,"12":3,"13":3,"14":2},"f":{"0":4,"1":2,"2":3,"3":3,"4":24},"b":{"0":[1],"1":[1],"2":[1]},"_coverageSchema":"332fd63041d2c1bcb487cc26dd0d5f7d97098a6c","hash":"3c64ebf78ad78128b85ba7b1de0c3caede579d9f"}
,"/Users/stephengeller/Desktop/Projects/tech-tests/compare-the-market/src/wordFrequencyProcessor.js": {"path":"/Users/stephengeller/Desktop/Projects/tech-tests/compare-the-market/src/wordFrequencyProcessor.js","statementMap":{"0":{"start":{"line":1,"column":22},"end":{"line":1,"column":48}},"1":{"start":{"line":5,"column":4},"end":{"line":5,"column":39}},"2":{"start":{"line":8,"column":31},"end":{"line":8,"column":66}},"3":{"start":{"line":9,"column":4},"end":{"line":9,"column":50}},"4":{"start":{"line":13,"column":28},"end":{"line":13,"column":30}},"5":{"start":{"line":14,"column":4},"end":{"line":29,"column":5}},"6":{"start":{"line":15,"column":17},"end":{"line":15,"column":25}},"7":{"start":{"line":16,"column":19},"end":{"line":16,"column":24}},"8":{"start":{"line":17,"column":6},"end":{"line":22,"column":7}},"9":{"start":{"line":18,"column":8},"end":{"line":21,"column":9}},"10":{"start":{"line":19,"column":10},"end":{"line":19,"column":40}},"11":{"start":{"line":20,"column":10},"end":{"line":20,"column":24}},"12":{"start":{"line":23,"column":6},"end":{"line":28,"column":7}},"13":{"start":{"line":24,"column":8},"end":{"line":27,"column":11}},"14":{"start":{"line":30,"column":4},"end":{"line":30,"column":27}},"15":{"start":{"line":34,"column":0},"end":{"line":34,"column":40}}},"fnMap":{"0":{"name":"(anonymous_0)","decl":{"start":{"line":4,"column":2},"end":{"line":4,"column":3}},"loc":{"start":{"line":4,"column":51},"end":{"line":6,"column":3}},"line":4},"1":{"name":"(anonymous_1)","decl":{"start":{"line":7,"column":2},"end":{"line":7,"column":3}},"loc":{"start":{"line":7,"column":20},"end":{"line":10,"column":3}},"line":7},"2":{"name":"(anonymous_2)","decl":{"start":{"line":12,"column":2},"end":{"line":12,"column":3}},"loc":{"start":{"line":12,"column":23},"end":{"line":31,"column":3}},"line":12}},"branchMap":{"0":{"loc":{"start":{"line":4,"column":14},"end":{"line":4,"column":49}},"type":"default-arg","locations":[{"start":{"line":4,"column":30},"end":{"line":4,"column":49}}],"line":4},"1":{"loc":{"start":{"line":18,"column":8},"end":{"line":21,"column":9}},"type":"if","locations":[{"start":{"line":18,"column":8},"end":{"line":21,"column":9}},{"start":{"line":18,"column":8},"end":{"line":21,"column":9}}],"line":18},"2":{"loc":{"start":{"line":23,"column":6},"end":{"line":28,"column":7}},"type":"if","locations":[{"start":{"line":23,"column":6},"end":{"line":28,"column":7}},{"start":{"line":23,"column":6},"end":{"line":28,"column":7}}],"line":23}},"s":{"0":3,"1":2,"2":1,"3":1,"4":2,"5":2,"6":14,"7":14,"8":14,"9":33,"10":7,"11":7,"12":14,"13":7,"14":2,"15":3},"f":{"0":2,"1":1,"2":2},"b":{"0":[1],"1":[7,26],"2":[7,7]},"_coverageSchema":"332fd63041d2c1bcb487cc26dd0d5f7d97098a6c","hash":"b0dc228ccd9cc032f4d8c8d88d1a98977145245d"}
}
