TN:
SF:/Users/stephengeller/Desktop/Projects/tech-tests/compare-the-market/src/arraySorter.js
FN:2,(anonymous_0)
FN:3,(anonymous_1)
FNF:2
FNH:2
FNDA:2,(anonymous_0)
FNDA:10,(anonymous_1)
DA:3,2
DA:4,10
DA:9,3
LF:3
LH:3
BRF:0
BRH:0
end_of_record
TN:
SF:/Users/stephengeller/Desktop/Projects/tech-tests/compare-the-market/src/lineFormatter.js
FN:2,(anonymous_0)
FNF:1
FNH:1
FNDA:6,(anonymous_0)
DA:3,6
DA:7,3
LF:2
LH:2
BRF:0
BRH:0
end_of_record
TN:
SF:/Users/stephengeller/Desktop/Projects/tech-tests/compare-the-market/src/primeChecker.js
FN:2,(anonymous_0)
FNF:1
FNH:1
FNDA:5,(anonymous_0)
DA:3,5
DA:4,2
DA:5,2
DA:6,2
DA:8,1
DA:12,1
LF:6
LH:6
BRDA:3,0,0,3
BRDA:3,0,1,2
BRDA:6,1,0,1
BRDA:6,1,1,1
BRF:4
BRH:4
end_of_record
TN:
SF:/Users/stephengeller/Desktop/Projects/tech-tests/compare-the-market/src/textFormatter.js
FN:2,(anonymous_0)
FN:6,(anonymous_1)
FN:10,(anonymous_2)
FNF:3
FNH:3
FNDA:3,(anonymous_0)
FNDA:3,(anonymous_1)
FNDA:2,(anonymous_2)
DA:3,3
DA:7,3
DA:11,2
DA:15,4
LF:4
LH:4
BRF:0
BRH:0
end_of_record
TN:
SF:/Users/stephengeller/Desktop/Projects/tech-tests/compare-the-market/src/textLoader.js
FN:6,(anonymous_0)
FN:18,(anonymous_1)
FN:22,(anonymous_2)
FNF:3
FNH:2
FNDA:3,(anonymous_0)
FNDA:2,(anonymous_1)
FNDA:0,(anonymous_2)
DA:1,1
DA:2,1
DA:3,1
DA:12,3
DA:13,3
DA:14,3
DA:15,3
DA:19,2
DA:23,0
DA:24,0
DA:25,0
DA:27,0
DA:28,0
DA:29,0
DA:35,1
LF:15
LH:9
BRDA:7,0,0,0
BRDA:8,1,0,0
BRDA:9,2,0,0
BRDA:10,3,0,0
BRDA:23,4,0,0
BRDA:23,4,1,0
BRF:6
BRH:0
end_of_record
TN:
SF:/Users/stephengeller/Desktop/Projects/tech-tests/compare-the-market/src/userInterface.js
FN:6,(anonymous_0)
FN:16,(anonymous_1)
FN:22,(anonymous_2)
FN:26,(anonymous_3)
FN:29,(anonymous_4)
FNF:5
FNH:5
FNDA:4,(anonymous_0)
FNDA:2,(anonymous_1)
FNDA:3,(anonymous_2)
FNDA:3,(anonymous_3)
FNDA:24,(anonymous_4)
DA:1,2
DA:2,2
DA:3,2
DA:11,4
DA:12,4
DA:13,4
DA:17,2
DA:18,2
DA:19,2
DA:23,3
DA:27,3
DA:28,3
DA:30,24
DA:36,2
LF:14
LH:14
BRDA:7,0,0,1
BRDA:8,1,0,1
BRDA:9,2,0,1
BRF:3
BRH:3
end_of_record
TN:
SF:/Users/stephengeller/Desktop/Projects/tech-tests/compare-the-market/src/wordFrequencyProcessor.js
FN:4,(anonymous_0)
FN:7,(anonymous_1)
FN:12,(anonymous_2)
FNF:3
FNH:3
FNDA:2,(anonymous_0)
FNDA:1,(anonymous_1)
FNDA:2,(anonymous_2)
DA:1,3
DA:5,2
DA:8,1
DA:9,1
DA:13,2
DA:14,2
DA:15,14
DA:16,14
DA:17,14
DA:18,33
DA:19,7
DA:20,7
DA:23,14
DA:24,7
DA:30,2
DA:34,3
LF:16
LH:16
BRDA:4,0,0,1
BRDA:18,1,0,7
BRDA:18,1,1,26
BRDA:23,2,0,7
BRDA:23,2,1,7
BRF:5
BRH:5
end_of_record
